<?xml version="1.0" encoding="UTF-8"?>
<coverage generated="1628652545182" clover="3.2.0">
  <project timestamp="1628652545182" name="All files">
    <metrics statements="8" coveredstatements="2" conditionals="0" coveredconditionals="0" methods="2" coveredmethods="0" elements="10" coveredelements="2" complexity="0" loc="8" ncloc="8" packages="1" files="1" classes="1"/>
    <file name="app.ts" path="/Users/atulverma/projects/node-api-skeleton/src/app.ts">
      <metrics statements="8" coveredstatements="2" conditionals="0" coveredconditionals="0" methods="2" coveredmethods="0"/>
      <line num="1" count="1" type="stmt"/>
      <line num="3" count="1" type="stmt"/>
      <line num="4" count="0" type="stmt"/>
      <line num="5" count="0" type="stmt"/>
      <line num="6" count="0" type="stmt"/>
      <line num="8" count="0" type="stmt"/>
      <line num="9" count="0" type="stmt"/>
      <line num="11" count="0" type="stmt"/>
    </file>
  </project>
</coverage>
